<?xml version="1.0" encoding="UTF-8"?>
<!-- Generated by org.testng.reporters.JUnitReportReporter -->
<testsuite hostname="Mithilas-MBP.lan" failures="0" tests="2" name="runners.TestRunner" time="0.130" errors="0" timestamp="22 Jul 2023 19:01:02 GMT" skipped="0">
  <testcase classname="runners.TestRunner" name="runScenario" time="0.002"/>
  <testcase classname="runners.TestRunner" name="runScenario" time="0.128"/>
</testsuite> <!-- runners.TestRunner -->
